{"C:\\Users\\beauc\\OneDrive\\Desktop\\coding\\beau-bootcamp\\js\\daily-challenge\\find-intersectionality\\find-intersectionality.js": {"path":"C:\\Users\\beauc\\OneDrive\\Desktop\\coding\\beau-bootcamp\\js\\daily-challenge\\find-intersectionality\\find-intersectionality.js","statementMap":{"0":{"start":{"line":19,"column":4},"end":{"line":19,"column":62}},"1":{"start":{"line":19,"column":36},"end":{"line":19,"column":60}},"2":{"start":{"line":22,"column":0},"end":{"line":22,"column":58}},"3":{"start":{"line":26,"column":0},"end":{"line":26,"column":36}}},"fnMap":{"0":{"name":"findIntersection2","decl":{"start":{"line":18,"column":9},"end":{"line":18,"column":26}},"loc":{"start":{"line":18,"column":43},"end":{"line":20,"column":1}},"line":18},"1":{"name":"(anonymous_1)","decl":{"start":{"line":19,"column":25},"end":{"line":19,"column":26}},"loc":{"start":{"line":19,"column":36},"end":{"line":19,"column":60}},"line":19}},"branchMap":{},"s":{"0":2,"1":8,"2":1,"3":1},"f":{"0":2,"1":8},"b":{},"_coverageSchema":"1a1c01bbd47fc00a2c39e90264f33305004495a9","hash":"eec10e1b478a5f48dca474170c4b783950458f31"}
}
